<?xml version="1.0" encoding="utf-8"?><testsuites name="pytest tests"><testsuite name="pytest" errors="0" failures="0" skipped="0" tests="16" time="4.763" timestamp="2026-02-02T07:31:26.567704+00:00" hostname="agent-env-d48c2949-f46b-49de-876a-4abf9e32f34b"><testcase classname="backend.tests.test_purchase_orders.TestAuthentication" name="test_login_success" time="0.333" /><testcase classname="backend.tests.test_purchase_orders.TestAuthentication" name="test_login_invalid_credentials" time="0.039" /><testcase classname="backend.tests.test_purchase_orders.TestAuthentication" name="test_get_me_authenticated" time="0.302" /><testcase classname="backend.tests.test_purchase_orders.TestAuthentication" name="test_get_me_unauthenticated" time="0.039" /><testcase classname="backend.tests.test_purchase_orders.TestPurchaseOrdersAPI" name="test_get_purchase_orders_list" time="0.300" /><testcase classname="backend.tests.test_purchase_orders.TestPurchaseOrdersAPI" name="test_create_purchase_order_with_line_items" time="0.299" /><testcase classname="backend.tests.test_purchase_orders.TestPurchaseOrdersAPI" name="test_create_po_with_different_purchase_offices" time="0.378" /><testcase classname="backend.tests.test_purchase_orders.TestPurchaseOrdersAPI" name="test_get_purchase_order_by_number" time="0.340" /><testcase classname="backend.tests.test_purchase_orders.TestPurchaseOrdersAPI" name="test_get_nonexistent_po" time="0.299" /><testcase classname="backend.tests.test_purchase_orders.TestPurchaseOrdersAPI" name="test_po_list_contains_new_columns" time="0.300" /><testcase classname="backend.tests.test_purchase_orders.TestPurchaseOrdersAPI" name="test_po_approval_workflow" time="0.408" /><testcase classname="backend.tests.test_purchase_orders.TestPurchaseOrdersAPI" name="test_po_rejection_with_reason" time="0.369" /><testcase classname="backend.tests.test_purchase_orders.TestPOLineItemValidation" name="test_create_po_with_optional_fields_null" time="0.292" /><testcase classname="backend.tests.test_purchase_orders.TestPOLineItemValidation" name="test_create_po_with_multiple_line_items" time="0.296" /><testcase classname="backend.tests.test_purchase_orders.TestDashboardAndReports" name="test_dashboard_stats" time="0.300" /><testcase classname="backend.tests.test_purchase_orders.TestDashboardAndReports" name="test_audit_logs" time="0.292" /></testsuite></testsuites>